<?xml version="1.0" encoding="UTF-8"?>
<testsuite name="gremlins.TestCollider" tests="4" skipped="0" failures="0" errors="0" timestamp="2022-10-23T13:56:56" hostname="Dillons-MacBook-Air.local" time="0.007">
  <properties/>
  <testcase name="testUpCollision()" classname="gremlins.TestCollider" time="0.002"/>
  <testcase name="testLeftCollision()" classname="gremlins.TestCollider" time="0.0"/>
  <testcase name="testRightCollision()" classname="gremlins.TestCollider" time="0.001"/>
  <testcase name="testBottomCollision()" classname="gremlins.TestCollider" time="0.001"/>
  <system-out><![CDATA[]]></system-out>
  <system-err><![CDATA[]]></system-err>
</testsuite>
